<?xml version="1.0" encoding="UTF-8"?>
<testsuite name="com.tutorsys.service.BillingServiceTest" tests="2" skipped="0" failures="0" errors="0" timestamp="2026-07-15T01:16:37" hostname="THIAGU2022" time="2.54">
  <properties/>
  <testcase name="testGenerateInvoice_NoSessions()" classname="com.tutorsys.service.BillingServiceTest" time="1.801"/>
  <testcase name="testGenerateInvoice_Success()" classname="com.tutorsys.service.BillingServiceTest" time="0.729"/>
  <system-out><![CDATA[Standard Commons Logging discovery in action with spring-jcl: please remove commons-logging.jar from classpath in order to avoid potential conflicts
21:16:40.445 [Test worker] INFO com.tutorsys.service.BillingService -- PDF generated successfully at: C:\Thiagu\DEVIN PROJECTS\TUTORSYS\backend\.\target\invoices\Invoice_INV-202607-CBA018D9.pdf
]]></system-out>
  <system-err><![CDATA[com.openhtmltopdf.load INFO:: SAX XMLReader in use (parser): com.sun.org.apache.xerces.internal.jaxp.SAXParserImpl$JAXPSAXParser
com.openhtmltopdf.load INFO:: SAX XMLReader in use (parser): com.sun.org.apache.xerces.internal.jaxp.SAXParserImpl$JAXPSAXParser
com.openhtmltopdf.load INFO:: Loaded document in ~19ms
com.openhtmltopdf.load INFO:: TIME: parse stylesheets 83ms
com.openhtmltopdf.match INFO:: media = print
com.openhtmltopdf.match INFO:: Matcher created with 177 selectors
com.openhtmltopdf.general INFO:: Using fast-mode renderer. Prepare to fly.
]]></system-err>
</testsuite>
