<?xml version="1.0" encoding="UTF-8"?>
<testsuite name="com.tutorsys.service.PaymentServiceTest" tests="2" skipped="0" failures="0" errors="0" timestamp="2026-07-15T01:16:43" hostname="THIAGU2022" time="0.144">
  <properties/>
  <testcase name="testRecordPayment_ExactAmountForSingleInvoice()" classname="com.tutorsys.service.PaymentServiceTest" time="0.139"/>
  <testcase name="testRecordPayment_FIFOAllocationAcrossMultipleInvoices()" classname="com.tutorsys.service.PaymentServiceTest" time="0.004"/>
  <system-out><![CDATA[]]></system-out>
  <system-err><![CDATA[]]></system-err>
</testsuite>
