<?xml version="1.0" encoding="UTF-8"?>
<testsuite name="com.tutorsys.controller.AuthControllerTest" tests="1" skipped="0" failures="0" errors="0" timestamp="2026-07-15T01:16:42" hostname="THIAGU2022" time="0.216">
  <properties/>
  <testcase name="testLogin_Success()" classname="com.tutorsys.controller.AuthControllerTest" time="0.216"/>
  <system-out><![CDATA[21:16:40.586 [Test worker] INFO org.springframework.test.context.support.AnnotationConfigContextLoaderUtils -- Could not detect default configuration classes for test class [com.tutorsys.controller.AuthControllerTest]: AuthControllerTest does not declare any static, non-private, non-final, nested classes annotated with @Configuration.
21:16:40.735 [Test worker] INFO org.springframework.boot.test.context.SpringBootTestContextBootstrapper -- Found @SpringBootConfiguration com.tutorsys.TutorSysApplication for test class com.tutorsys.controller.AuthControllerTest
  .   ____          _            __ _ _
 /\\ / ___'_ __ _ _(_)_ __  __ _ \ \ \ \
( ( )\___ | '_ | '_| | '_ \/ _` | \ \ \ \
 \\/  ___)| |_)| | | | | || (_| |  ) ) ) )
  '  |____| .__|_| |_|_| |_\__, | / / / /
 =========|_|==============|___/=/_/_/_/

 :: Spring Boot ::                (v3.3.0)

2026-07-14T21:16:41.164-04:00  INFO 8736 --- [    Test worker] c.t.controller.AuthControllerTest        : Starting AuthControllerTest using Java 19.0.2 with PID 8736 (started by alage in C:\Thiagu\DEVIN PROJECTS\TUTORSYS\backend)
2026-07-14T21:16:41.164-04:00 DEBUG 8736 --- [    Test worker] c.t.controller.AuthControllerTest        : Running with Spring Boot v3.3.0, Spring v6.1.8
2026-07-14T21:16:41.164-04:00  INFO 8736 --- [    Test worker] c.t.controller.AuthControllerTest        : No active profile set, falling back to 1 default profile: "default"
2026-07-14T21:16:42.691-04:00 TRACE 8736 --- [    Test worker] eGlobalAuthenticationAutowiredConfigurer : Eagerly initializing {org.springframework.boot.autoconfigure.security.servlet.SpringBootWebSecurityConfiguration$WebSecurityEnablerConfiguration=org.springframework.boot.autoconfigure.security.servlet.SpringBootWebSecurityConfiguration$WebSecurityEnablerConfiguration@70273633}
2026-07-14T21:16:42.697-04:00  WARN 8736 --- [    Test worker] .s.s.UserDetailsServiceAutoConfiguration : 

Using generated security password: d023e77f-11c6-403a-8ad1-6237a369932c

This generated password is for development use only. Your security configuration must be updated before running your application in production.

2026-07-14T21:16:42.702-04:00  WARN 8736 --- [    Test worker] r$InitializeUserDetailsManagerConfigurer : Found 2 UserDetailsService beans, with names [inMemoryUserDetailsManager, com.tutorsys.security.UserDetailsServiceImpl#0]. Global Authentication Manager will not use a UserDetailsService for username/password login. Consider publishing a single UserDetailsService bean.
2026-07-14T21:16:42.702-04:00 DEBUG 8736 --- [    Test worker] swordEncoderAuthenticationManagerBuilder : No authenticationProviders and no parentAuthenticationManager defined. Returning null.
2026-07-14T21:16:42.814-04:00  INFO 8736 --- [    Test worker] o.s.s.web.DefaultSecurityFilterChain     : Will secure any request with [org.springframework.security.web.session.DisableEncodeUrlFilter@4f1f2f84, org.springframework.security.web.context.request.async.WebAsyncManagerIntegrationFilter@6c537267, org.springframework.security.web.context.SecurityContextHolderFilter@52ba21e4, org.springframework.security.web.header.HeaderWriterFilter@1a53ac0c, org.springframework.web.filter.CorsFilter@19c06762, org.springframework.security.web.csrf.CsrfFilter@51097500, org.springframework.security.web.authentication.logout.LogoutFilter@5fa9971f, org.springframework.security.web.authentication.UsernamePasswordAuthenticationFilter@31e84f10, org.springframework.security.web.authentication.ui.DefaultLoginPageGeneratingFilter@3a00237d, org.springframework.security.web.authentication.ui.DefaultLogoutPageGeneratingFilter@22e1a1dc, org.springframework.security.web.authentication.www.BasicAuthenticationFilter@3472f3ab, org.springframework.security.web.savedrequest.RequestCacheAwareFilter@514f2020, org.springframework.security.web.servletapi.SecurityContextHolderAwareRequestFilter@2d2afc39, org.springframework.security.web.authentication.AnonymousAuthenticationFilter@14b4d90b, org.springframework.security.web.access.ExceptionTranslationFilter@e47637c, org.springframework.security.web.access.intercept.AuthorizationFilter@748aa7dc]
2026-07-14T21:16:42.868-04:00  INFO 8736 --- [    Test worker] o.s.b.t.m.w.SpringBootMockServletContext : Initializing Spring TestDispatcherServlet ''
2026-07-14T21:16:42.868-04:00  INFO 8736 --- [    Test worker] o.s.t.web.servlet.TestDispatcherServlet  : Initializing Servlet ''
2026-07-14T21:16:42.872-04:00  INFO 8736 --- [    Test worker] o.s.t.web.servlet.TestDispatcherServlet  : Completed initialization in 4 ms
2026-07-14T21:16:42.907-04:00  INFO 8736 --- [    Test worker] c.t.controller.AuthControllerTest        : Started AuthControllerTest in 2.089 seconds (process running for 6.166)
]]></system-out>
  <system-err><![CDATA[]]></system-err>
</testsuite>
